[21:16:10] [Run] run_id=chb01-chb02-chb03+7_svm_solve_chain_qubo_exact_7ca0bc108e
[   2%] Collecting files
[21:16:10] [Run] files=298
[   5%] Validating EDF channels
[21:16:11] [Channel-Preflight] compatible=298, excluded=0
[  10%] Preprocessing EDF files
[Parallel(n_jobs=-1)]: Using backend LokyBackend with 4 concurrent workers.
Using data from preloaded Raw for 3600 events and 256 original time points ...
Using data from preloaded Raw for 3600 events and 256 original time points ...
Using data from preloaded Raw for 3600 events and 256 original time points ...
Using data from preloaded Raw for 3600 events and 256 original time points ...
0 bad epochs dropped
0 bad epochs dropped
0 bad epochs dropped
0 bad epochs dropped
Using data from preloaded Raw for 3600 events and 256 original time points ...
Using data from preloaded Raw for 3600 events and 256 original time points ...
0 bad epochs dropped
0 bad epochs dropped
Using data from preloaded Raw for 3600 events and 256 original time points ...
0 bad epochs dropped
Using data from preloaded Raw for 3600 events and 256 original time points ...
0 bad epochs dropped
[Parallel(n_jobs=-1)]: Done   5 tasks      | elapsed:    8.7s
Using data from preloaded Raw for 3600 events and 256 original time points ...
Using data from preloaded Raw for 3600 events and 256 original time points ...
0 bad epochs dropped
0 bad epochs dropped
Using data from preloaded Raw for 3600 events and 256 original time points ...
Using data from preloaded Raw for 3600 events and 256 original time points ...
0 bad epochs dropped
0 bad epochs dropped
[Parallel(n_jobs=-1)]: Done  10 tasks      | elapsed:   12.1s
Using data from preloaded Raw for 3600 events and 256 original time points ...
Using data from preloaded Raw for 3600 events and 256 original time points ...
0 bad epochs dropped
0 bad epochs dropped
Using data from preloaded Raw for 3600 events and 256 original time points ...
Using data from preloaded Raw for 3600 events and 256 original time points ...
0 bad epochs dropped
0 bad epochs dropped
Using data from preloaded Raw for 3600 events and 256 original time points ...
Using data from preloaded Raw for 3600 events and 256 original time points ...
0 bad epochs dropped
0 bad epochs dropped
Using data from preloaded Raw for 2663 events and 256 original time points ...
Using data from preloaded Raw for 3600 events and 256 original time points ...
0 bad epochs dropped
0 bad epochs dropped
[Parallel(n_jobs=-1)]: Done  17 tasks      | elapsed:   18.6s
Using data from preloaded Raw for 3600 events and 256 original time points ...
Using data from preloaded Raw for 3600 events and 256 original time points ...
0 bad epochs dropped
0 bad epochs dropped
Using data from preloaded Raw for 3600 events and 256 original time points ...
0 bad epochs dropped
Using data from preloaded Raw for 3600 events and 256 original time points ...
0 bad epochs dropped
Using data from preloaded Raw for 600 events and 256 original time points ...
Using data from preloaded Raw for 2325 events and 256 original time points ...
0 bad epochs dropped
Using data from preloaded Raw for 3600 events and 256 original time points ...
[Parallel(n_jobs=-1)]: Done  24 tasks      | elapsed:   23.3s
0 bad epochs dropped
0 bad epochs dropped
Using data from preloaded Raw for 3600 events and 256 original time points ...
Using data from preloaded Raw for 3600 events and 256 original time points ...
0 bad epochs dropped
0 bad epochs dropped
Using data from preloaded Raw for 3600 events and 256 original time points ...
0 bad epochs dropped
Using data from preloaded Raw for 3600 events and 256 original time points ...
0 bad epochs dropped
Using data from preloaded Raw for 3600 events and 256 original time points ...
Using data from preloaded Raw for 3600 events and 256 original time points ...
0 bad epochs dropped
0 bad epochs dropped
Using data from preloaded Raw for 3600 events and 256 original time points ...
0 bad epochs dropped
Using data from preloaded Raw for 3600 events and 256 original time points ...
0 bad epochs dropped
[Parallel(n_jobs=-1)]: Done  33 tasks      | elapsed:   30.1s
Using data from preloaded Raw for 3600 events and 256 original time points ...
0 bad epochs dropped
Using data from preloaded Raw for 3600 events and 256 original time points ...
0 bad epochs dropped
Using data from preloaded Raw for 3600 events and 256 original time points ...
0 bad epochs dropped
Using data from preloaded Raw for 3600 events and 256 original time points ...
0 bad epochs dropped
Using data from preloaded Raw for 3600 events and 256 original time points ...
0 bad epochs dropped
Using data from preloaded Raw for 3600 events and 256 original time points ...
0 bad epochs dropped
Using data from preloaded Raw for 3600 events and 256 original time points ...
0 bad epochs dropped
Using data from preloaded Raw for 3600 events and 256 original time points ...
0 bad epochs dropped
Using data from preloaded Raw for 3600 events and 256 original time points ...
[Parallel(n_jobs=-1)]: Done  42 tasks      | elapsed:   38.1s
0 bad epochs dropped
Using data from preloaded Raw for 3600 events and 256 original time points ...
0 bad epochs dropped
Using data from preloaded Raw for 3600 events and 256 original time points ...
Using data from preloaded Raw for 3600 events and 256 original time points ...
0 bad epochs dropped
0 bad epochs dropped
Using data from preloaded Raw for 3600 events and 256 original time points ...
0 bad epochs dropped
Using data from preloaded Raw for 3600 events and 256 original time points ...
0 bad epochs dropped
Using data from preloaded Raw for 3600 events and 256 original time points ...
Using data from preloaded Raw for 3600 events and 256 original time points ...
0 bad epochs dropped
0 bad epochs dropped
Using data from preloaded Raw for 3600 events and 256 original time points ...
0 bad epochs dropped
Using data from preloaded Raw for 3600 events and 256 original time points ...
0 bad epochs dropped
Using data from preloaded Raw for 3600 events and 256 original time points ...
Using data from preloaded Raw for 3600 events and 256 original time points ...
0 bad epochs dropped
0 bad epochs dropped
[Parallel(n_jobs=-1)]: Done  53 tasks      | elapsed:   47.2s
Using data from preloaded Raw for 3600 events and 256 original time points ...
0 bad epochs dropped
Using data from preloaded Raw for 3600 events and 256 original time points ...
0 bad epochs dropped
Using data from preloaded Raw for 959 events and 256 original time points ...
0 bad epochs dropped
Using data from preloaded Raw for 3600 events and 256 original time points ...
0 bad epochs dropped
Using data from preloaded Raw for 3600 events and 256 original time points ...
0 bad epochs dropped
Using data from preloaded Raw for 3600 events and 256 original time points ...
0 bad epochs dropped
Using data from preloaded Raw for 3600 events and 256 original time points ...
0 bad epochs dropped
Using data from preloaded Raw for 3600 events and 256 original time points ...
0 bad epochs dropped
Using data from preloaded Raw for 3600 events and 256 original time points ...
0 bad epochs dropped
Using data from preloaded Raw for 3600 events and 256 original time points ...
0 bad epochs dropped
Using data from preloaded Raw for 3600 events and 256 original time points ...
0 bad epochs dropped
[Parallel(n_jobs=-1)]: Done  64 tasks      | elapsed:   56.1s
Using data from preloaded Raw for 3600 events and 256 original time points ...
0 bad epochs dropped
Using data from preloaded Raw for 3600 events and 256 original time points ...
Using data from preloaded Raw for 3600 events and 256 original time points ...
0 bad epochs dropped
0 bad epochs dropped
Using data from preloaded Raw for 3600 events and 256 original time points ...
0 bad epochs dropped
Using data from preloaded Raw for 3600 events and 256 original time points ...
0 bad epochs dropped
Using data from preloaded Raw for 3600 events and 256 original time points ...
Using data from preloaded Raw for 3600 events and 256 original time points ...
0 bad epochs dropped
0 bad epochs dropped
Using data from preloaded Raw for 3600 events and 256 original time points ...
0 bad epochs dropped
Using data from preloaded Raw for 3600 events and 256 original time points ...
0 bad epochs dropped
Using data from preloaded Raw for 3600 events and 256 original time points ...
Using data from preloaded Raw for 3600 events and 256 original time points ...
0 bad epochs dropped
0 bad epochs dropped
Using data from preloaded Raw for 3600 events and 256 original time points ...
0 bad epochs dropped
[Parallel(n_jobs=-1)]: Done  77 tasks      | elapsed:  1.1min
Using data from preloaded Raw for 3600 events and 256 original time points ...
0 bad epochs dropped
Using data from preloaded Raw for 3600 events and 256 original time points ...
Using data from preloaded Raw for 3600 events and 256 original time points ...
0 bad epochs dropped
0 bad epochs dropped
Using data from preloaded Raw for 3600 events and 256 original time points ...
0 bad epochs dropped
Using data from preloaded Raw for 3600 events and 256 original time points ...
0 bad epochs dropped
Using data from preloaded Raw for 3600 events and 256 original time points ...
Using data from preloaded Raw for 3600 events and 256 original time points ...
0 bad epochs dropped
0 bad epochs dropped
Using data from preloaded Raw for 3600 events and 256 original time points ...
0 bad epochs dropped
Using data from preloaded Raw for 3600 events and 256 original time points ...
0 bad epochs dropped
Using data from preloaded Raw for 3600 events and 256 original time points ...
0 bad epochs dropped
Using data from preloaded Raw for 3600 events and 256 original time points ...
0 bad epochs dropped
Using data from preloaded Raw for 3600 events and 256 original time points ...
0 bad epochs dropped
Using data from preloaded Raw for 3600 events and 256 original time points ...
0 bad epochs dropped
[Parallel(n_jobs=-1)]: Done  90 tasks      | elapsed:  1.3min
Using data from preloaded Raw for 3600 events and 256 original time points ...
0 bad epochs dropped
Using data from preloaded Raw for 3600 events and 256 original time points ...
0 bad epochs dropped
Using data from preloaded Raw for 3600 events and 256 original time points ...
0 bad epochs dropped
Using data from preloaded Raw for 3600 events and 256 original time points ...
0 bad epochs dropped
Using data from preloaded Raw for 3600 events and 256 original time points ...
0 bad epochs dropped
Using data from preloaded Raw for 3600 events and 256 original time points ...
0 bad epochs dropped
Using data from preloaded Raw for 3606 events and 256 original time points ...
0 bad epochs dropped
Using data from preloaded Raw for 3600 events and 256 original time points ...
0 bad epochs dropped
Using data from preloaded Raw for 3600 events and 256 original time points ...
0 bad epochs dropped
Using data from preloaded Raw for 3600 events and 256 original time points ...
0 bad epochs dropped
Using data from preloaded Raw for 3600 events and 256 original time points ...
0 bad epochs dropped
Using data from preloaded Raw for 3600 events and 256 original time points ...
0 bad epochs dropped
Using data from preloaded Raw for 3600 events and 256 original time points ...
0 bad epochs dropped
Using data from preloaded Raw for 3600 events and 256 original time points ...
0 bad epochs dropped
Using data from preloaded Raw for 3600 events and 256 original time points ...
0 bad epochs dropped
Using data from preloaded Raw for 3600 events and 256 original time points ...
0 bad epochs dropped
[Parallel(n_jobs=-1)]: Done 105 tasks      | elapsed:  1.5min
Using data from preloaded Raw for 3600 events and 256 original time points ...
0 bad epochs dropped
Using data from preloaded Raw for 3600 events and 256 original time points ...
0 bad epochs dropped
Using data from preloaded Raw for 3600 events and 256 original time points ...
0 bad epochs dropped
Using data from preloaded Raw for 3600 events and 256 original time points ...
0 bad epochs dropped
Using data from preloaded Raw for 3600 events and 256 original time points ...
0 bad epochs dropped
Using data from preloaded Raw for 3600 events and 256 original time points ...
0 bad epochs dropped
Using data from preloaded Raw for 3600 events and 256 original time points ...
0 bad epochs dropped
Using data from preloaded Raw for 3600 events and 256 original time points ...
0 bad epochs dropped
Using data from preloaded Raw for 3600 events and 256 original time points ...
0 bad epochs dropped
Using data from preloaded Raw for 14398 events and 256 original time points ...
Using data from preloaded Raw for 14400 events and 256 original time points ...
0 bad epochs dropped
0 bad epochs dropped
Using data from preloaded Raw for 14400 events and 256 original time points ...
0 bad epochs dropped
Using data from preloaded Raw for 14400 events and 256 original time points ...
0 bad epochs dropped
[Parallel(n_jobs=-1)]: Done 120 tasks      | elapsed:  1.9min
Using data from preloaded Raw for 9536 events and 256 original time points ...
Using data from preloaded Raw for 7496 events and 256 original time points ...
0 bad epochs dropped
0 bad epochs dropped
Using data from preloaded Raw for 14400 events and 256 original time points ...
0 bad epochs dropped
Using data from preloaded Raw for 14400 events and 256 original time points ...
0 bad epochs dropped
Using data from preloaded Raw for 14400 events and 256 original time points ...
Using data from preloaded Raw for 14400 events and 256 original time points ...
0 bad epochs dropped
0 bad epochs dropped
Using data from preloaded Raw for 4832 events and 256 original time points ...
0 bad epochs dropped
Using data from preloaded Raw for 14420 events and 256 original time points ...
0 bad epochs dropped
Using data from preloaded Raw for 14398 events and 256 original time points ...
0 bad epochs dropped
Using data from preloaded Raw for 14418 events and 256 original time points ...
Using data from preloaded Raw for 14400 events and 256 original time points ...
0 bad epochs dropped
0 bad epochs dropped
Using data from preloaded Raw for 14400 events and 256 original time points ...
0 bad epochs dropped
Using data from preloaded Raw for 13732 events and 256 original time points ...
0 bad epochs dropped
Using data from preloaded Raw for 14425 events and 256 original time points ...
Using data from preloaded Raw for 14400 events and 256 original time points ...
0 bad epochs dropped
0 bad epochs dropped
Using data from preloaded Raw for 14400 events and 256 original time points ...
0 bad epochs dropped
Using data from preloaded Raw for 14400 events and 256 original time points ...
0 bad epochs dropped
Using data from preloaded Raw for 10684 events and 256 original time points ...
0 bad epochs dropped
Using data from preloaded Raw for 14406 events and 256 original time points ...
0 bad epochs dropped
[Parallel(n_jobs=-1)]: Done 137 tasks      | elapsed:  2.8min
Using data from preloaded Raw for 14400 events and 256 original time points ...
0 bad epochs dropped
Using data from preloaded Raw for 14400 events and 256 original time points ...
Using data from preloaded Raw for 14427 events and 256 original time points ...
0 bad epochs dropped
0 bad epochs dropped
Using data from preloaded Raw for 14423 events and 256 original time points ...
0 bad epochs dropped
Using data from preloaded Raw for 14403 events and 256 original time points ...
0 bad epochs dropped
Using data from preloaded Raw for 14400 events and 256 original time points ...
Using data from preloaded Raw for 14400 events and 256 original time points ...
0 bad epochs dropped
0 bad epochs dropped
Using data from preloaded Raw for 14400 events and 256 original time points ...
0 bad epochs dropped
Using data from preloaded Raw for 14400 events and 256 original time points ...
0 bad epochs dropped
Using data from preloaded Raw for 14400 events and 256 original time points ...
Using data from preloaded Raw for 14400 events and 256 original time points ...
0 bad epochs dropped
0 bad epochs dropped
Using data from preloaded Raw for 14400 events and 256 original time points ...
0 bad epochs dropped
Using data from preloaded Raw for 5613 events and 256 original time points ...
0 bad epochs dropped
Using data from preloaded Raw for 14400 events and 256 original time points ...
Using data from preloaded Raw for 14400 events and 256 original time points ...
0 bad epochs dropped
0 bad epochs dropped
Using data from preloaded Raw for 14400 events and 256 original time points ...
Using data from preloaded Raw for 14400 events and 256 original time points ...
0 bad epochs dropped
0 bad epochs dropped
[Parallel(n_jobs=-1)]: Done 154 tasks      | elapsed:  3.7min
Using data from preloaded Raw for 5823 events and 256 original time points ...
0 bad epochs dropped
Using data from preloaded Raw for 3610 events and 256 original time points ...
0 bad epochs dropped
Using data from preloaded Raw for 3600 events and 256 original time points ...
0 bad epochs dropped
Using data from preloaded Raw for 14400 events and 256 original time points ...
0 bad epochs dropped
Using data from preloaded Raw for 3600 events and 256 original time points ...
0 bad epochs dropped
Using data from preloaded Raw for 3600 events and 256 original time points ...
0 bad epochs dropped
Using data from preloaded Raw for 3600 events and 256 original time points ...
0 bad epochs dropped
Using data from preloaded Raw for 3600 events and 256 original time points ...
0 bad epochs dropped
Using data from preloaded Raw for 3600 events and 256 original time points ...
0 bad epochs dropped
Using data from preloaded Raw for 3600 events and 256 original time points ...
0 bad epochs dropped
Using data from preloaded Raw for 3600 events and 256 original time points ...
0 bad epochs dropped
Using data from preloaded Raw for 3600 events and 256 original time points ...
0 bad epochs dropped
Using data from preloaded Raw for 3600 events and 256 original time points ...
0 bad epochs dropped
Using data from preloaded Raw for 3600 events and 256 original time points ...
0 bad epochs dropped
Using data from preloaded Raw for 3600 events and 256 original time points ...
0 bad epochs dropped
Using data from preloaded Raw for 3600 events and 256 original time points ...
0 bad epochs dropped
Using data from preloaded Raw for 3600 events and 256 original time points ...
0 bad epochs dropped
Using data from preloaded Raw for 3600 events and 256 original time points ...
0 bad epochs dropped
[Parallel(n_jobs=-1)]: Done 173 tasks      | elapsed:  4.0min
Using data from preloaded Raw for 3600 events and 256 original time points ...
0 bad epochs dropped
Using data from preloaded Raw for 3600 events and 256 original time points ...
0 bad epochs dropped
Using data from preloaded Raw for 3600 events and 256 original time points ...
0 bad epochs dropped
Using data from preloaded Raw for 3600 events and 256 original time points ...
0 bad epochs dropped
Using data from preloaded Raw for 3600 events and 256 original time points ...
Using data from preloaded Raw for 3600 events and 256 original time points ...
0 bad epochs dropped
0 bad epochs dropped
Using data from preloaded Raw for 3600 events and 256 original time points ...
0 bad epochs dropped
Using data from preloaded Raw for 3600 events and 256 original time points ...
0 bad epochs dropped
Using data from preloaded Raw for 3600 events and 256 original time points ...
0 bad epochs dropped
Using data from preloaded Raw for 3600 events and 256 original time points ...
0 bad epochs dropped
Using data from preloaded Raw for 3600 events and 256 original time points ...
0 bad epochs dropped
Using data from preloaded Raw for 3600 events and 256 original time points ...
0 bad epochs dropped
Using data from preloaded Raw for 3600 events and 256 original time points ...
Using data from preloaded Raw for 3600 events and 256 original time points ...
0 bad epochs dropped
0 bad epochs dropped
Using data from preloaded Raw for 3600 events and 256 original time points ...
0 bad epochs dropped
Using data from preloaded Raw for 3600 events and 256 original time points ...
0 bad epochs dropped
Using data from preloaded Raw for 3600 events and 256 original time points ...
Using data from preloaded Raw for 3600 events and 256 original time points ...
0 bad epochs dropped
0 bad epochs dropped
Using data from preloaded Raw for 3600 events and 256 original time points ...
0 bad epochs dropped
Using data from preloaded Raw for 3600 events and 256 original time points ...
0 bad epochs dropped
[Parallel(n_jobs=-1)]: Done 192 tasks      | elapsed:  4.3min
Using data from preloaded Raw for 3600 events and 256 original time points ...
0 bad epochs dropped
Using data from preloaded Raw for 3600 events and 256 original time points ...
0 bad epochs dropped
Using data from preloaded Raw for 3600 events and 256 original time points ...
0 bad epochs dropped
Using data from preloaded Raw for 14427 events and 256 original time points ...
0 bad epochs dropped
Using data from preloaded Raw for 14400 events and 256 original time points ...
Using data from preloaded Raw for 13261 events and 256 original time points ...
Using data from preloaded Raw for 14400 events and 256 original time points ...
0 bad epochs dropped
0 bad epochs dropped
0 bad epochs dropped
Using data from preloaded Raw for 14400 events and 256 original time points ...
0 bad epochs dropped
Using data from preloaded Raw for 14400 events and 256 original time points ...
Using data from preloaded Raw for 14400 events and 256 original time points ...
Using data from preloaded Raw for 14400 events and 256 original time points ...
0 bad epochs dropped
0 bad epochs dropped
0 bad epochs dropped
Using data from preloaded Raw for 14400 events and 256 original time points ...
0 bad epochs dropped
Using data from preloaded Raw for 14400 events and 256 original time points ...
Using data from preloaded Raw for 14400 events and 256 original time points ...
Using data from preloaded Raw for 14400 events and 256 original time points ...
0 bad epochs dropped
0 bad epochs dropped
0 bad epochs dropped
Using data from preloaded Raw for 3030 events and 256 original time points ...
0 bad epochs dropped
Using data from preloaded Raw for 14400 events and 256 original time points ...
0 bad epochs dropped
Using data from preloaded Raw for 14400 events and 256 original time points ...
Using data from preloaded Raw for 7928 events and 256 original time points ...
Using data from preloaded Raw for 14400 events and 256 original time points ...
0 bad epochs dropped
0 bad epochs dropped
0 bad epochs dropped
[Parallel(n_jobs=-1)]: Done 213 tasks      | elapsed:  5.2min
Using data from preloaded Raw for 14400 events and 256 original time points ...
0 bad epochs dropped
Using data from preloaded Raw for 14411 events and 256 original time points ...
0 bad epochs dropped
Using data from preloaded Raw for 14400 events and 256 original time points ...
Using data from preloaded Raw for 14400 events and 256 original time points ...
0 bad epochs dropped
0 bad epochs dropped
Using data from preloaded Raw for 4920 events and 256 original time points ...
0 bad epochs dropped
Using data from preloaded Raw for 4660 events and 256 original time points ...
0 bad epochs dropped
Using data from preloaded Raw for 14400 events and 256 original time points ...
0 bad epochs dropped
Using data from preloaded Raw for 14400 events and 256 original time points ...
0 bad epochs dropped
Using data from preloaded Raw for 14400 events and 256 original time points ...
Using data from preloaded Raw for 14400 events and 256 original time points ...
0 bad epochs dropped
0 bad epochs dropped
Using data from preloaded Raw for 14400 events and 256 original time points ...
0 bad epochs dropped
Using data from preloaded Raw for 14400 events and 256 original time points ...
0 bad epochs dropped
Using data from preloaded Raw for 3726 events and 256 original time points ...
0 bad epochs dropped
Using data from preloaded Raw for 14400 events and 256 original time points ...
0 bad epochs dropped
Using data from preloaded Raw for 14400 events and 256 original time points ...
0 bad epochs dropped
Using data from preloaded Raw for 14400 events and 256 original time points ...
0 bad epochs dropped
Using data from preloaded Raw for 14400 events and 256 original time points ...
0 bad epochs dropped
Using data from preloaded Raw for 14400 events and 256 original time points ...
0 bad epochs dropped
Using data from preloaded Raw for 12060 events and 256 original time points ...
Using data from preloaded Raw for 3600 events and 256 original time points ...
0 bad epochs dropped
0 bad epochs dropped
Using data from preloaded Raw for 14411 events and 256 original time points ...
Using data from preloaded Raw for 3600 events and 256 original time points ...
0 bad epochs dropped
0 bad epochs dropped
[Parallel(n_jobs=-1)]: Done 234 tasks      | elapsed:  6.2min
Using data from preloaded Raw for 3600 events and 256 original time points ...
0 bad epochs dropped
Using data from preloaded Raw for 3600 events and 256 original time points ...
0 bad epochs dropped
Using data from preloaded Raw for 3600 events and 256 original time points ...
0 bad epochs dropped
Using data from preloaded Raw for 3600 events and 256 original time points ...
0 bad epochs dropped
Using data from preloaded Raw for 3600 events and 256 original time points ...
0 bad epochs dropped
Using data from preloaded Raw for 3600 events and 256 original time points ...
0 bad epochs dropped
Using data from preloaded Raw for 3600 events and 256 original time points ...
0 bad epochs dropped
Using data from preloaded Raw for 3600 events and 256 original time points ...
0 bad epochs dropped
Using data from preloaded Raw for 3600 events and 256 original time points ...
0 bad epochs dropped
Using data from preloaded Raw for 3600 events and 256 original time points ...
0 bad epochs dropped
Using data from preloaded Raw for 3600 events and 256 original time points ...
0 bad epochs dropped
Using data from preloaded Raw for 3600 events and 256 original time points ...
0 bad epochs dropped
Using data from preloaded Raw for 3600 events and 256 original time points ...
0 bad epochs dropped
Using data from preloaded Raw for 3600 events and 256 original time points ...
0 bad epochs dropped
Using data from preloaded Raw for 3600 events and 256 original time points ...
0 bad epochs dropped
Using data from preloaded Raw for 3600 events and 256 original time points ...
0 bad epochs dropped
Using data from preloaded Raw for 3600 events and 256 original time points ...
0 bad epochs dropped
Using data from preloaded Raw for 3623 events and 256 original time points ...
0 bad epochs dropped
Using data from preloaded Raw for 8023 events and 256 original time points ...
0 bad epochs dropped
Using data from preloaded Raw for 14399 events and 256 original time points ...
Using data from preloaded Raw for 14400 events and 256 original time points ...
0 bad epochs dropped
Using data from preloaded Raw for 14415 events and 256 original time points ...
0 bad epochs dropped
0 bad epochs dropped
Using data from preloaded Raw for 14400 events and 256 original time points ...
0 bad epochs dropped
[Parallel(n_jobs=-1)]: Done 257 tasks      | elapsed:  6.7min
Using data from preloaded Raw for 14399 events and 256 original time points ...
Using data from preloaded Raw for 14400 events and 256 original time points ...
0 bad epochs dropped
Using data from preloaded Raw for 14400 events and 256 original time points ...
0 bad epochs dropped
0 bad epochs dropped
Using data from preloaded Raw for 14400 events and 256 original time points ...
0 bad epochs dropped
Using data from preloaded Raw for 14400 events and 256 original time points ...
Using data from preloaded Raw for 14400 events and 256 original time points ...
0 bad epochs dropped
Using data from preloaded Raw for 14400 events and 256 original time points ...
0 bad epochs dropped
0 bad epochs dropped
Using data from preloaded Raw for 14405 events and 256 original time points ...
0 bad epochs dropped
Using data from preloaded Raw for 14411 events and 256 original time points ...
Using data from preloaded Raw for 974 events and 256 original time points ...
0 bad epochs dropped
Using data from preloaded Raw for 14421 events and 256 original time points ...
0 bad epochs dropped
Using data from preloaded Raw for 13591 events and 256 original time points ...
0 bad epochs dropped
0 bad epochs dropped
Using data from preloaded Raw for 14400 events and 256 original time points ...
0 bad epochs dropped
Using data from preloaded Raw for 5700 events and 256 original time points ...
0 bad epochs dropped
Using data from preloaded Raw for 7220 events and 256 original time points ...
Using data from preloaded Raw for 7200 events and 256 original time points ...
0 bad epochs dropped
0 bad epochs dropped
Using data from preloaded Raw for 7200 events and 256 original time points ...
0 bad epochs dropped
Using data from preloaded Raw for 7200 events and 256 original time points ...
0 bad epochs dropped
Using data from preloaded Raw for 7200 events and 256 original time points ...
Using data from preloaded Raw for 7200 events and 256 original time points ...
0 bad epochs dropped
0 bad epochs dropped
Using data from preloaded Raw for 7200 events and 256 original time points ...
0 bad epochs dropped
Using data from preloaded Raw for 7200 events and 256 original time points ...
Using data from preloaded Raw for 7200 events and 256 original time points ...
0 bad epochs dropped
Using data from preloaded Raw for 7200 events and 256 original time points ...
0 bad epochs dropped
0 bad epochs dropped
[Parallel(n_jobs=-1)]: Done 280 tasks      | elapsed:  7.6min
Using data from preloaded Raw for 7200 events and 256 original time points ...
0 bad epochs dropped
Using data from preloaded Raw for 7200 events and 256 original time points ...
Using data from preloaded Raw for 7200 events and 256 original time points ...
0 bad epochs dropped
Using data from preloaded Raw for 7200 events and 256 original time points ...
0 bad epochs dropped
0 bad epochs dropped
Using data from preloaded Raw for 7200 events and 256 original time points ...
0 bad epochs dropped
Using data from preloaded Raw for 7200 events and 256 original time points ...
Using data from preloaded Raw for 7212 events and 256 original time points ...
Using data from preloaded Raw for 7200 events and 256 original time points ...
0 bad epochs dropped
0 bad epochs dropped
0 bad epochs dropped
Using data from preloaded Raw for 7200 events and 256 original time points ...
0 bad epochs dropped
Using data from preloaded Raw for 7218 events and 256 original time points ...
Using data from preloaded Raw for 7200 events and 256 original time points ...
Using data from preloaded Raw for 7213 events and 256 original time points ...
0 bad epochs dropped
0 bad epochs dropped
0 bad epochs dropped
Using data from preloaded Raw for 7221 events and 256 original time points ...
0 bad epochs dropped
Using data from preloaded Raw for 7200 events and 256 original time points ...
Using data from preloaded Raw for 7200 events and 256 original time points ...
0 bad epochs dropped
0 bad epochs dropped
[Parallel(n_jobs=-1)]: Done 298 out of 298 | elapsed:  8.1min finished
[21:24:15] [Run] preprocess done, elapsed=483.40s
[  11%] Building grouped cache for held-out chb01
[21:24:15] [Cache-GroupKFold] folds=5
[21:24:15] [Cache-GroupKFold] fold 1/5 train_files=199 val_files=57
[21:24:15] [SVM] device=cuda (cuML)
[21:29:50] [Cache-GroupKFold] fold 2/5 train_files=201 val_files=55
[21:29:50] [SVM] device=cuda (cuML)
[21:35:36] [Cache-GroupKFold] fold 3/5 train_files=189 val_files=67
[21:35:36] [SVM] device=cuda (cuML)
[21:38:18] [Cache-GroupKFold] fold 4/5 train_files=199 val_files=57
[21:38:18] [SVM] device=cuda (cuML)
[21:43:09] [Cache-GroupKFold] fold 5/5 train_files=236 val_files=20
[21:43:09] [SVM] device=cuda (cuML)
[21:49:43] [Cache-GroupKFold] done, cached_files=256
[  11%] Building grouped cache for held-out chb02
[21:49:43] [Cache-GroupKFold] folds=5
[21:49:44] [Cache-GroupKFold] fold 1/5 train_files=205 val_files=57
[21:49:44] [SVM] device=cuda (cuML)
[21:55:20] [Cache-GroupKFold] fold 2/5 train_files=201 val_files=61
[21:55:20] [SVM] device=cuda (cuML)
[22:01:06] [Cache-GroupKFold] fold 3/5 train_files=195 val_files=67
[22:01:06] [SVM] device=cuda (cuML)
[22:03:54] [Cache-GroupKFold] fold 4/5 train_files=205 val_files=57
[22:03:55] [SVM] device=cuda (cuML)
[22:08:48] [Cache-GroupKFold] fold 5/5 train_files=242 val_files=20
[22:08:48] [SVM] device=cuda (cuML)
[22:15:40] [Cache-GroupKFold] done, cached_files=262
[  12%] Building grouped cache for held-out chb03
[22:15:40] [Cache-GroupKFold] folds=5
[22:15:40] [Cache-GroupKFold] fold 1/5 train_files=205 val_files=55
[22:15:40] [SVM] device=cuda (cuML)
[22:21:16] [Cache-GroupKFold] fold 2/5 train_files=199 val_files=61
[22:21:16] [SVM] device=cuda (cuML)
[22:26:53] [Cache-GroupKFold] fold 3/5 train_files=193 val_files=67
[22:26:53] [SVM] device=cuda (cuML)
[22:29:38] [Cache-GroupKFold] fold 4/5 train_files=203 val_files=57
[22:29:38] [SVM] device=cuda (cuML)
[22:34:29] [Cache-GroupKFold] fold 5/5 train_files=240 val_files=20
[22:34:29] [SVM] device=cuda (cuML)
[22:41:09] [Cache-GroupKFold] done, cached_files=260
[  12%] Building grouped cache for held-out chb04
[22:41:09] [Cache-GroupKFold] folds=5
[22:41:10] [Cache-GroupKFold] fold 1/5 train_files=201 val_files=55
[22:41:10] [SVM] device=cuda (cuML)
[22:43:49] [Cache-GroupKFold] fold 2/5 train_files=195 val_files=61
[22:43:49] [SVM] device=cuda (cuML)
[22:46:22] [Cache-GroupKFold] fold 3/5 train_files=193 val_files=63
[22:46:22] [SVM] device=cuda (cuML)
[22:49:03] [Cache-GroupKFold] fold 4/5 train_files=199 val_files=57
[22:49:03] [SVM] device=cuda (cuML)
[22:51:11] [Cache-GroupKFold] fold 5/5 train_files=236 val_files=20
[22:51:11] [SVM] device=cuda (cuML)
[22:54:18] [Cache-GroupKFold] done, cached_files=256
[  12%] Building grouped cache for held-out chb05
[22:54:18] [Cache-GroupKFold] folds=5
[22:54:19] [Cache-GroupKFold] fold 1/5 train_files=204 val_files=55
[22:54:19] [SVM] device=cuda (cuML)
[22:59:43] [Cache-GroupKFold] fold 2/5 train_files=198 val_files=61
[22:59:43] [SVM] device=cuda (cuML)
[23:05:18] [Cache-GroupKFold] fold 3/5 train_files=196 val_files=63
[23:05:18] [SVM] device=cuda (cuML)
[23:10:59] [Cache-GroupKFold] fold 4/5 train_files=199 val_files=60
[23:10:59] [SVM] device=cuda (cuML)
[23:13:11] [Cache-GroupKFold] fold 5/5 train_files=239 val_files=20
[23:13:11] [SVM] device=cuda (cuML)
[23:20:02] [Cache-GroupKFold] done, cached_files=259
[  13%] Building grouped cache for held-out chb06
[23:20:02] [Cache-GroupKFold] folds=5
[23:20:02] [Cache-GroupKFold] fold 1/5 train_files=225 val_files=55
[23:20:02] [SVM] device=cuda (cuML)
[23:24:24] [Cache-GroupKFold] fold 2/5 train_files=219 val_files=61
[23:24:24] [SVM] device=cuda (cuML)
[23:28:50] [Cache-GroupKFold] fold 3/5 train_files=217 val_files=63
[23:28:50] [SVM] device=cuda (cuML)
[23:33:17] [Cache-GroupKFold] fold 4/5 train_files=199 val_files=81
[23:33:17] [SVM] device=cuda (cuML)
[23:35:28] [Cache-GroupKFold] fold 5/5 train_files=260 val_files=20
[23:35:28] [SVM] device=cuda (cuML)
[23:40:53] [Cache-GroupKFold] done, cached_files=280
[  14%] Building grouped cache for held-out chb07
[23:40:53] [Cache-GroupKFold] folds=5
[23:40:53] [Cache-GroupKFold] fold 1/5 train_files=224 val_files=55
[23:40:53] [SVM] device=cuda (cuML)
[23:46:03] [Cache-GroupKFold] fold 2/5 train_files=219 val_files=60
[23:46:03] [SVM] device=cuda (cuML)
[23:50:29] [Cache-GroupKFold] fold 3/5 train_files=216 val_files=63
[23:50:29] [SVM] device=cuda (cuML)
[23:55:49] [Cache-GroupKFold] fold 4/5 train_files=198 val_files=81
[23:55:49] [SVM] device=cuda (cuML)
[23:58:29] [Cache-GroupKFold] fold 5/5 train_files=259 val_files=20
[23:58:29] [SVM] device=cuda (cuML)
[00:04:48] [Cache-GroupKFold] done, cached_files=279
[  14%] Building grouped cache for held-out chb08
[00:04:48] [Cache-GroupKFold] folds=5
[00:04:48] [Cache-GroupKFold] fold 1/5 train_files=223 val_files=55
[00:04:48] [SVM] device=cuda (cuML)
[00:10:11] [Cache-GroupKFold] fold 2/5 train_files=218 val_files=60
[00:10:11] [SVM] device=cuda (cuML)
[00:14:44] [Cache-GroupKFold] fold 3/5 train_files=215 val_files=63
[00:14:45] [SVM] device=cuda (cuML)
[00:20:24] [Cache-GroupKFold] fold 4/5 train_files=197 val_files=81
[00:20:24] [SVM] device=cuda (cuML)
[00:22:57] [Cache-GroupKFold] fold 5/5 train_files=259 val_files=19
[00:22:57] [SVM] device=cuda (cuML)
[00:29:19] [Cache-GroupKFold] done, cached_files=278
[  15%] Building grouped cache for held-out chb09
[00:29:19] [Cache-GroupKFold] folds=5
[00:29:20] [Cache-GroupKFold] fold 1/5 train_files=223 val_files=56
[00:29:20] [SVM] device=cuda (cuML)
[00:34:39] [Cache-GroupKFold] fold 2/5 train_files=219 val_files=60
[00:34:39] [SVM] device=cuda (cuML)
[00:38:55] [Cache-GroupKFold] fold 3/5 train_files=216 val_files=63
[00:38:55] [SVM] device=cuda (cuML)
[00:43:57] [Cache-GroupKFold] fold 4/5 train_files=198 val_files=81
[00:43:57] [SVM] device=cuda (cuML)
[00:46:26] [Cache-GroupKFold] fold 5/5 train_files=260 val_files=19
[00:46:26] [SVM] device=cuda (cuML)
[00:52:18] [Cache-GroupKFold] done, cached_files=279
[  15%] Building grouped cache for held-out chb10
[00:52:18] [Cache-GroupKFold] folds=5
[00:52:19] [Cache-GroupKFold] fold 1/5 train_files=217 val_files=56
[00:52:19] [SVM] device=cuda (cuML)
[00:58:01] [Cache-GroupKFold] fold 2/5 train_files=213 val_files=60
[00:58:02] [SVM] device=cuda (cuML)
[01:02:29] [Cache-GroupKFold] fold 3/5 train_files=216 val_files=57
[01:02:29] [SVM] device=cuda (cuML)
[01:07:32] [Cache-GroupKFold] fold 4/5 train_files=192 val_files=81
[01:07:32] [SVM] device=cuda (cuML)
[01:10:07] [Cache-GroupKFold] fold 5/5 train_files=254 val_files=19
[01:10:07] [SVM] device=cuda (cuML)
[01:16:20] [Cache-GroupKFold] done, cached_files=273
[  23%] Evaluating held-out subject chb01
[01:18:52] [QUBO-Tune] best λ=1.5, θ=0.5, score=0.1403
[01:18:53] [Subject] 1/10 test=chb01 train_subjects=9 test_files=42
[01:18:53] [SVM] device=cuda (cuML)
[01:26:52] [File] done chb01_01.edf, held_out_subject=chb01, baseline_f1=0.0000, qubo_f1=0.0000, Δ=0.0000, elapsed=479.13s
[01:26:52] [SVM] device=cuda (cuML)
/home/junior941230/workspace/QUBO-APP/.venv/lib/python3.12/site-packages/joblib/externals/loky/backend/resource_tracker.py:359: UserWarning: resource_tracker: There appear to be 6 leaked semlock objects to clean up at shutdown
  warnings.warn(
/home/junior941230/workspace/QUBO-APP/.venv/lib/python3.12/site-packages/joblib/externals/loky/backend/resource_tracker.py:359: UserWarning: resource_tracker: There appear to be 1 leaked folder objects to clean up at shutdown
  warnings.warn(
